TN:
SF:D:\Practicas\Angular\angular-test-technical\src\polyfills.ts
FNF:0
FNH:0
LF:0
LH:0
BRF:0
BRH:0
end_of_record
TN:
SF:D:\Practicas\Angular\angular-test-technical\src\test.ts
FNF:0
FNH:0
DA:13,1
DA:18,1
DA:20,1
LF:3
LH:3
BRF:0
BRH:0
end_of_record
TN:
SF:D:\Practicas\Angular\angular-test-technical\src\app\app.component.ts
FN:10,(anonymous_2)
FN:16,AppComponent
FNF:2
FNH:2
FNDA:1,(anonymous_2)
FNDA:6,AppComponent
DA:10,1
DA:12,1
DA:14,6
DA:18,1
LF:4
LH:4
BRF:0
BRH:0
end_of_record
TN:
SF:D:\Practicas\Angular\angular-test-technical\src\app\business\model\ubigeo-table.model.ts
FN:1,(anonymous_0)
FN:7,(anonymous_2)
FNF:2
FNH:2
FNDA:39,(anonymous_0)
FNDA:38,(anonymous_2)
DA:1,1
DA:7,1
DA:8,38
DA:9,38
DA:10,38
DA:11,38
DA:13,1
LF:7
LH:7
BRF:0
BRH:0
end_of_record
TN:
SF:D:\Practicas\Angular\angular-test-technical\src\app\business\model\ubigeo.model.ts
FN:1,(anonymous_0)
FN:6,(anonymous_2)
FNF:2
FNH:2
FNDA:112,(anonymous_0)
FNDA:120,(anonymous_2)
DA:1,1
DA:6,1
DA:7,120
DA:11,120
DA:15,120
DA:20,1
LF:6
LH:6
BRF:0
BRH:0
end_of_record
TN:
SF:D:\Practicas\Angular\angular-test-technical\src\app\business\uses-case\case-ubigeo.service.ts
FN:9,(anonymous_2)
FN:11,CaseUbigeoService
FN:16,(anonymous_4)
FN:17,(anonymous_5)
FN:19,(anonymous_6)
FN:30,(anonymous_7)
FN:35,(anonymous_8)
FN:67,(anonymous_9)
FN:75,(anonymous_10)
FN:76,(anonymous_11)
FN:78,(anonymous_12)
FN:83,(anonymous_13)
FN:86,(anonymous_14)
FN:105,(anonymous_15)
FNF:14
FNH:14
FNDA:1,(anonymous_2)
FNDA:23,CaseUbigeoService
FNDA:16,(anonymous_4)
FNDA:16,(anonymous_5)
FNDA:15,(anonymous_6)
FNDA:110,(anonymous_7)
FNDA:330,(anonymous_8)
FNDA:1,(anonymous_9)
FNDA:17,(anonymous_10)
FNDA:17,(anonymous_11)
FNDA:16,(anonymous_12)
FNDA:110,(anonymous_13)
FNDA:100,(anonymous_14)
FNDA:1,(anonymous_15)
DA:9,1
DA:12,23
DA:16,16
DA:17,16
DA:18,16
DA:20,15
DA:21,14
DA:23,14
DA:26,14
DA:30,14
DA:31,110
DA:32,110
DA:33,110
DA:34,110
DA:35,110
DA:37,330
DA:39,330
DA:40,234
DA:41,234
DA:42,234
DA:44,110
DA:45,110
DA:46,110
DA:48,86
DA:49,86
DA:50,86
DA:52,38
DA:53,38
DA:54,38
DA:57,330
DA:59,110
DA:61,14
DA:63,1
DA:68,1
DA:75,21
DA:76,17
DA:77,17
DA:79,16
DA:80,15
DA:82,15
DA:83,15
DA:84,110
DA:85,78
DA:86,100
DA:87,78
DA:88,38
DA:89,38
DA:90,38
DA:91,38
DA:92,38
DA:93,38
DA:94,28
DA:95,28
DA:97,38
DA:101,15
DA:103,1
DA:106,1
DA:111,1
LF:58
LH:58
BRDA:20,0,0,14
BRDA:20,0,1,1
BRDA:39,1,0,234
BRDA:39,1,1,96
BRDA:40,2,0,110
BRDA:40,2,1,124
BRDA:43,3,0,110
BRDA:43,3,1,86
BRDA:43,3,2,38
BRDA:75,4,0,4
BRDA:75,4,1,13
BRDA:79,5,0,15
BRDA:79,5,1,1
BRDA:84,6,0,78
BRDA:84,6,1,32
BRDA:87,7,0,38
BRDA:87,7,1,40
BRDA:93,8,0,28
BRDA:93,8,1,10
BRF:19
BRH:19
end_of_record
TN:
SF:D:\Practicas\Angular\angular-test-technical\src\app\components\table-ubigeo\table-ubigeo.component.ts
FN:11,(anonymous_2)
FN:20,TableUbigeoComponent
FN:24,(anonymous_4)
FN:28,(anonymous_5)
FN:31,(anonymous_6)
FN:35,(anonymous_7)
FNF:6
FNH:6
FNDA:1,(anonymous_2)
FNDA:25,TableUbigeoComponent
FNDA:19,(anonymous_4)
FNDA:25,(anonymous_5)
FNDA:14,(anonymous_6)
FNDA:2,(anonymous_7)
DA:11,1
DA:15,1
DA:16,1
DA:18,25
DA:21,25
DA:24,1
DA:25,19
DA:28,25
DA:29,25
DA:30,16
DA:32,14
DA:33,14
DA:36,2
DA:37,2
DA:42,1
LF:15
LH:15
BRDA:29,0,0,16
BRDA:29,0,1,9
BRF:2
BRH:2
end_of_record
TN:
SF:D:\Practicas\Angular\angular-test-technical\src\app\services\request.service.ts
FN:8,(anonymous_2)
FN:10,RequestService
FN:14,(anonymous_4)
FNF:3
FNH:3
FNDA:1,(anonymous_2)
FNDA:25,RequestService
FNDA:14,(anonymous_4)
DA:8,1
DA:11,25
DA:14,15
DA:15,14
DA:16,13
DA:18,1
DA:22,1
LF:7
LH:7
BRDA:14,0,0,1
BRDA:14,0,1,13
BRDA:15,1,0,13
BRDA:15,1,1,1
BRF:4
BRH:4
end_of_record
